This file contains any messages produced by compilers while
running configure, to aid debugging if configure makes a mistake.

It was created by tstat configure 3.0, which was
generated by GNU Autoconf 2.69.  Invocation command line was

  $ ./configure --enable-libtstat

## --------- ##
## Platform. ##
## --------- ##

hostname = sonda1
uname -m = x86_64
uname -r = 3.12-1-amd64
uname -s = Linux
uname -v = #1 SMP Debian 3.12.9-1 (2014-02-01)

/usr/bin/uname -p = unknown
/bin/uname -X     = unknown

/bin/arch              = unknown
/usr/bin/arch -k       = unknown
/usr/convex/getsysinfo = unknown
/usr/bin/hostinfo      = unknown
/bin/machine           = unknown
/usr/bin/oslevel       = unknown
/bin/universe          = unknown

PATH: /usr/local/bin
PATH: /usr/bin
PATH: /bin
PATH: /usr/local/games
PATH: /usr/games


## ----------- ##
## Core tests. ##
## ----------- ##

configure:2451: checking for a BSD-compatible install
configure:2519: result: /usr/bin/install -c
configure:2530: checking whether build environment is sane
configure:2585: result: yes
configure:2736: checking for a thread-safe mkdir -p
configure:2775: result: /bin/mkdir -p
configure:2782: checking for gawk
configure:2798: found /usr/bin/gawk
configure:2809: result: gawk
configure:2820: checking whether make sets $(MAKE)
configure:2842: result: yes
configure:2871: checking whether make supports nested variables
configure:2888: result: yes
configure:3093: checking for gcc
configure:3109: found /usr/bin/gcc
configure:3120: result: gcc
configure:3349: checking for C compiler version
configure:3358: gcc --version >&5
gcc (Debian 4.9.1-16) 4.9.1
Copyright (C) 2014 Free Software Foundation, Inc.
This is free software; see the source for copying conditions.  There is NO
warranty; not even for MERCHANTABILITY or FITNESS FOR A PARTICULAR PURPOSE.

configure:3369: $? = 0
configure:3358: gcc -v >&5
Using built-in specs.
COLLECT_GCC=gcc
COLLECT_LTO_WRAPPER=/usr/lib/gcc/x86_64-linux-gnu/4.9/lto-wrapper
Target: x86_64-linux-gnu
Configured with: ../src/configure -v --with-pkgversion='Debian 4.9.1-16' --with-bugurl=file:///usr/share/doc/gcc-4.9/README.Bugs --enable-languages=c,c++,java,go,d,fortran,objc,obj-c++ --prefix=/usr --program-suffix=-4.9 --enable-shared --enable-linker-build-id --libexecdir=/usr/lib --without-included-gettext --enable-threads=posix --with-gxx-include-dir=/usr/include/c++/4.9 --libdir=/usr/lib --enable-nls --with-sysroot=/ --enable-clocale=gnu --enable-libstdcxx-debug --enable-libstdcxx-time=yes --enable-gnu-unique-object --disable-vtable-verify --enable-plugin --with-system-zlib --disable-browser-plugin --enable-java-awt=gtk --enable-gtk-cairo --with-java-home=/usr/lib/jvm/java-1.5.0-gcj-4.9-amd64/jre --enable-java-home --with-jvm-root-dir=/usr/lib/jvm/java-1.5.0-gcj-4.9-amd64 --with-jvm-jar-dir=/usr/lib/jvm-exports/java-1.5.0-gcj-4.9-amd64 --with-arch-directory=amd64 --with-ecj-jar=/usr/share/java/eclipse-ecj.jar --enable-objc-gc --enable-multiarch --with-arch-32=i586 --with-abi=m64 --with-multilib-list=m32,m64,mx32 --enable-multilib --with-tune=generic --enable-checking=release --build=x86_64-linux-gnu --host=x86_64-linux-gnu --target=x86_64-linux-gnu
Thread model: posix
gcc version 4.9.1 (Debian 4.9.1-16) 
configure:3369: $? = 0
configure:3358: gcc -V >&5
gcc: error: unrecognized command line option '-V'
gcc: fatal error: no input files
compilation terminated.
configure:3369: $? = 4
configure:3358: gcc -qversion >&5
gcc: error: unrecognized command line option '-qversion'
gcc: fatal error: no input files
compilation terminated.
configure:3369: $? = 4
configure:3389: checking whether the C compiler works
configure:3411: gcc    conftest.c  >&5
configure:3415: $? = 0
configure:3463: result: yes
configure:3466: checking for C compiler default output file name
configure:3468: result: a.out
configure:3474: checking for suffix of executables
configure:3481: gcc -o conftest    conftest.c  >&5
configure:3485: $? = 0
configure:3507: result: 
configure:3529: checking whether we are cross compiling
configure:3537: gcc -o conftest    conftest.c  >&5
configure:3541: $? = 0
configure:3548: ./conftest
configure:3552: $? = 0
configure:3567: result: no
configure:3572: checking for suffix of object files
configure:3594: gcc -c   conftest.c >&5
configure:3598: $? = 0
configure:3619: result: o
configure:3623: checking whether we are using the GNU C compiler
configure:3642: gcc -c   conftest.c >&5
configure:3642: $? = 0
configure:3651: result: yes
configure:3660: checking whether gcc accepts -g
configure:3680: gcc -c -g  conftest.c >&5
configure:3680: $? = 0
configure:3721: result: yes
configure:3738: checking for gcc option to accept ISO C89
configure:3801: gcc  -c -g -O2  conftest.c >&5
configure:3801: $? = 0
configure:3814: result: none needed
configure:3839: checking whether gcc understands -c and -o together
configure:3861: gcc -c conftest.c -o conftest2.o
configure:3864: $? = 0
configure:3861: gcc -c conftest.c -o conftest2.o
configure:3864: $? = 0
configure:3876: result: yes
configure:3904: checking for style of include used by make
configure:3932: result: GNU
configure:3958: checking dependency style of gcc
configure:4069: result: gcc3
configure:4113: checking build system type
configure:4127: result: x86_64-unknown-linux-gnu
configure:4147: checking host system type
configure:4160: result: x86_64-unknown-linux-gnu
configure:4201: checking how to print strings
configure:4228: result: printf
configure:4249: checking for a sed that does not truncate output
configure:4313: result: /bin/sed
configure:4331: checking for grep that handles long lines and -e
configure:4389: result: /bin/grep
configure:4394: checking for egrep
configure:4456: result: /bin/grep -E
configure:4461: checking for fgrep
configure:4523: result: /bin/grep -F
configure:4558: checking for ld used by gcc
configure:4625: result: /usr/bin/ld
configure:4632: checking if the linker (/usr/bin/ld) is GNU ld
configure:4647: result: yes
configure:4659: checking for BSD- or MS-compatible name lister (nm)
configure:4708: result: /usr/bin/nm -B
configure:4838: checking the name lister (/usr/bin/nm -B) interface
configure:4845: gcc -c -g -O2  conftest.c >&5
configure:4848: /usr/bin/nm -B "conftest.o"
configure:4851: output
0000000000000000 B some_variable
configure:4858: result: BSD nm
configure:4861: checking whether ln -s works
configure:4865: result: yes
configure:4873: checking the maximum length of command line arguments
configure:5004: result: 1572864
configure:5021: checking whether the shell understands some XSI constructs
configure:5031: result: yes
configure:5035: checking whether the shell understands "+="
configure:5041: result: yes
configure:5076: checking how to convert x86_64-unknown-linux-gnu file names to x86_64-unknown-linux-gnu format
configure:5116: result: func_convert_file_noop
configure:5123: checking how to convert x86_64-unknown-linux-gnu file names to toolchain format
configure:5143: result: func_convert_file_noop
configure:5150: checking for /usr/bin/ld option to reload object files
configure:5157: result: -r
configure:5231: checking for objdump
configure:5247: found /usr/bin/objdump
configure:5258: result: objdump
configure:5290: checking how to recognize dependent libraries
configure:5488: result: pass_all
configure:5573: checking for dlltool
configure:5603: result: no
configure:5633: checking how to associate runtime and link libraries
configure:5660: result: printf %s\n
configure:5721: checking for ar
configure:5737: found /usr/bin/ar
configure:5748: result: ar
configure:5785: checking for archiver @FILE support
configure:5802: gcc -c -g -O2  conftest.c >&5
configure:5802: $? = 0
configure:5805: ar cru libconftest.a @conftest.lst >&5
configure:5808: $? = 0
configure:5813: ar cru libconftest.a @conftest.lst >&5
ar: conftest.o: No such file or directory
configure:5816: $? = 1
configure:5828: result: @
configure:5886: checking for strip
configure:5902: found /usr/bin/strip
configure:5913: result: strip
configure:5985: checking for ranlib
configure:6001: found /usr/bin/ranlib
configure:6012: result: ranlib
configure:6114: checking command to parse /usr/bin/nm -B output from gcc object
configure:6234: gcc -c -g -O2  conftest.c >&5
configure:6237: $? = 0
configure:6241: /usr/bin/nm -B conftest.o \| sed -n -e 's/^.*[ ]\([ABCDGIRSTW][ABCDGIRSTW]*\)[ ][ ]*\([_A-Za-z][_A-Za-z0-9]*\)$/\1 \2 \2/p' | sed '/ __gnu_lto/d' \> conftest.nm
configure:6244: $? = 0
configure:6310: gcc -o conftest -g -O2   conftest.c conftstm.o >&5
configure:6313: $? = 0
configure:6351: result: ok
configure:6388: checking for sysroot
configure:6418: result: no
configure:6495: gcc -c -g -O2  conftest.c >&5
configure:6498: $? = 0
configure:6687: checking for mt
configure:6703: found /bin/mt
configure:6714: result: mt
configure:6737: checking if mt is a manifest tool
configure:6743: mt '-?'
configure:6751: result: no
configure:7393: checking how to run the C preprocessor
configure:7424: gcc -E  conftest.c
configure:7424: $? = 0
configure:7438: gcc -E  conftest.c
conftest.c:16:28: fatal error: ac_nonexistent.h: No such file or directory
 #include <ac_nonexistent.h>
                            ^
compilation terminated.
configure:7438: $? = 1
configure: failed program was:
| /* confdefs.h */
| #define PACKAGE_NAME "tstat"
| #define PACKAGE_TARNAME "tstat"
| #define PACKAGE_VERSION "3.0"
| #define PACKAGE_STRING "tstat 3.0"
| #define PACKAGE_BUGREPORT "mellia@polito.it, munafo@polito.it"
| #define PACKAGE_URL ""
| #define PACKAGE "tstat"
| #define VERSION "3.0"
| #define VERSION_MAJOR 3
| #define VERSION_MINOR 0
| #define VERSION_BUGFIX 0
| #define VERSION_DATE "Mon 28 Apr 2014 16:23:20 CEST"
| #define VERSION_FLAVOR "Traubi"
| /* end confdefs.h.  */
| #include <ac_nonexistent.h>
configure:7463: result: gcc -E
configure:7483: gcc -E  conftest.c
configure:7483: $? = 0
configure:7497: gcc -E  conftest.c
conftest.c:16:28: fatal error: ac_nonexistent.h: No such file or directory
 #include <ac_nonexistent.h>
                            ^
compilation terminated.
configure:7497: $? = 1
configure: failed program was:
| /* confdefs.h */
| #define PACKAGE_NAME "tstat"
| #define PACKAGE_TARNAME "tstat"
| #define PACKAGE_VERSION "3.0"
| #define PACKAGE_STRING "tstat 3.0"
| #define PACKAGE_BUGREPORT "mellia@polito.it, munafo@polito.it"
| #define PACKAGE_URL ""
| #define PACKAGE "tstat"
| #define VERSION "3.0"
| #define VERSION_MAJOR 3
| #define VERSION_MINOR 0
| #define VERSION_BUGFIX 0
| #define VERSION_DATE "Mon 28 Apr 2014 16:23:20 CEST"
| #define VERSION_FLAVOR "Traubi"
| /* end confdefs.h.  */
| #include <ac_nonexistent.h>
configure:7526: checking for ANSI C header files
configure:7546: gcc -c -g -O2  conftest.c >&5
configure:7546: $? = 0
configure:7619: gcc -o conftest -g -O2   conftest.c  >&5
configure:7619: $? = 0
configure:7619: ./conftest
configure:7619: $? = 0
configure:7630: result: yes
configure:7643: checking for sys/types.h
configure:7643: gcc -c -g -O2  conftest.c >&5
configure:7643: $? = 0
configure:7643: result: yes
configure:7643: checking for sys/stat.h
configure:7643: gcc -c -g -O2  conftest.c >&5
configure:7643: $? = 0
configure:7643: result: yes
configure:7643: checking for stdlib.h
configure:7643: gcc -c -g -O2  conftest.c >&5
configure:7643: $? = 0
configure:7643: result: yes
configure:7643: checking for string.h
configure:7643: gcc -c -g -O2  conftest.c >&5
configure:7643: $? = 0
configure:7643: result: yes
configure:7643: checking for memory.h
configure:7643: gcc -c -g -O2  conftest.c >&5
configure:7643: $? = 0
configure:7643: result: yes
configure:7643: checking for strings.h
configure:7643: gcc -c -g -O2  conftest.c >&5
configure:7643: $? = 0
configure:7643: result: yes
configure:7643: checking for inttypes.h
configure:7643: gcc -c -g -O2  conftest.c >&5
configure:7643: $? = 0
configure:7643: result: yes
configure:7643: checking for stdint.h
configure:7643: gcc -c -g -O2  conftest.c >&5
configure:7643: $? = 0
configure:7643: result: yes
configure:7643: checking for unistd.h
configure:7643: gcc -c -g -O2  conftest.c >&5
configure:7643: $? = 0
configure:7643: result: yes
configure:7657: checking for dlfcn.h
configure:7657: gcc -c -g -O2  conftest.c >&5
configure:7657: $? = 0
configure:7657: result: yes
configure:7863: checking for objdir
configure:7878: result: .libs
configure:8145: checking if gcc supports -fno-rtti -fno-exceptions
configure:8163: gcc -c -g -O2  -fno-rtti -fno-exceptions conftest.c >&5
cc1: warning: command line option '-fno-rtti' is valid for C++/ObjC++ but not for C
configure:8167: $? = 0
configure:8180: result: no
configure:8507: checking for gcc option to produce PIC
configure:8514: result: -fPIC -DPIC
configure:8522: checking if gcc PIC flag -fPIC -DPIC works
configure:8540: gcc -c -g -O2  -fPIC -DPIC -DPIC conftest.c >&5
configure:8544: $? = 0
configure:8557: result: yes
configure:8586: checking if gcc static flag -static works
configure:8614: result: yes
configure:8629: checking if gcc supports -c -o file.o
configure:8650: gcc -c -g -O2  -o out/conftest2.o conftest.c >&5
configure:8654: $? = 0
configure:8676: result: yes
configure:8684: checking if gcc supports -c -o file.o
configure:8731: result: yes
configure:8764: checking whether the gcc linker (/usr/bin/ld -m elf_x86_64) supports shared libraries
configure:9921: result: yes
configure:9958: checking whether -lc should be explicitly linked in
configure:9966: gcc -c -g -O2  conftest.c >&5
configure:9969: $? = 0
configure:9984: gcc -shared  -fPIC -DPIC conftest.o  -v -Wl,-soname -Wl,conftest -o conftest 2\>\&1 \| /bin/grep  -lc  \>/dev/null 2\>\&1
configure:9987: $? = 0
configure:10001: result: no
configure:10161: checking dynamic linker characteristics
configure:10661: gcc -o conftest -g -O2   -Wl,-rpath -Wl,/foo conftest.c  >&5
configure:10661: $? = 0
configure:10895: result: GNU/Linux ld.so
configure:11002: checking how to hardcode library paths into programs
configure:11027: result: immediate
configure:11567: checking whether stripping libraries is possible
configure:11572: result: yes
configure:11607: checking if libtool supports shared libraries
configure:11609: result: yes
configure:11612: checking whether to build shared libraries
configure:11633: result: yes
configure:11636: checking whether to build static libraries
configure:11640: result: yes
configure:11677: checking whether make sets $(MAKE)
configure:11699: result: yes
configure:11715: checking size of unsigned long long int
configure:11720: gcc -o conftest -g -O2   conftest.c  >&5
configure:11720: $? = 0
configure:11720: ./conftest
configure:11720: $? = 0
configure:11734: result: 8
configure:11748: checking size of unsigned long int
configure:11753: gcc -o conftest -g -O2   conftest.c  >&5
configure:11753: $? = 0
configure:11753: ./conftest
configure:11753: $? = 0
configure:11767: result: 8
configure:11781: checking size of unsigned int
configure:11786: gcc -o conftest -g -O2   conftest.c  >&5
configure:11786: $? = 0
configure:11786: ./conftest
configure:11786: $? = 0
configure:11800: result: 4
configure:11814: checking size of unsigned short
configure:11819: gcc -o conftest -g -O2   conftest.c  >&5
configure:11819: $? = 0
configure:11819: ./conftest
configure:11819: $? = 0
configure:11833: result: 2
configure:11854: checking for fpurge
configure:11854: gcc -o conftest -g -O2   conftest.c  >&5
/tmp/ccrGCz0k.o: In function `main':
/home/testuser/mplane/tstat-3.0r648/conftest.c:66: undefined reference to `fpurge'
collect2: error: ld returned 1 exit status
configure:11854: $? = 1
configure: failed program was:
| /* confdefs.h */
| #define PACKAGE_NAME "tstat"
| #define PACKAGE_TARNAME "tstat"
| #define PACKAGE_VERSION "3.0"
| #define PACKAGE_STRING "tstat 3.0"
| #define PACKAGE_BUGREPORT "mellia@polito.it, munafo@polito.it"
| #define PACKAGE_URL ""
| #define PACKAGE "tstat"
| #define VERSION "3.0"
| #define VERSION_MAJOR 3
| #define VERSION_MINOR 0
| #define VERSION_BUGFIX 0
| #define VERSION_DATE "Mon 28 Apr 2014 16:23:20 CEST"
| #define VERSION_FLAVOR "Traubi"
| #define STDC_HEADERS 1
| #define HAVE_SYS_TYPES_H 1
| #define HAVE_SYS_STAT_H 1
| #define HAVE_STDLIB_H 1
| #define HAVE_STRING_H 1
| #define HAVE_MEMORY_H 1
| #define HAVE_STRINGS_H 1
| #define HAVE_INTTYPES_H 1
| #define HAVE_STDINT_H 1
| #define HAVE_UNISTD_H 1
| #define HAVE_DLFCN_H 1
| #define LT_OBJDIR ".libs/"
| #define SIZEOF_UNSIGNED_LONG_LONG_INT 8
| #define SIZEOF_UNSIGNED_LONG_INT 8
| #define SIZEOF_UNSIGNED_INT 4
| #define SIZEOF_UNSIGNED_SHORT 2
| /* end confdefs.h.  */
| /* Define fpurge to an innocuous variant, in case <limits.h> declares fpurge.
|    For example, HP-UX 11i <limits.h> declares gettimeofday.  */
| #define fpurge innocuous_fpurge
| 
| /* System header to define __stub macros and hopefully few prototypes,
|     which can conflict with char fpurge (); below.
|     Prefer <limits.h> to <assert.h> if __STDC__ is defined, since
|     <limits.h> exists even on freestanding compilers.  */
| 
| #ifdef __STDC__
| # include <limits.h>
| #else
| # include <assert.h>
| #endif
| 
| #undef fpurge
| 
| /* Override any GCC internal prototype to avoid an error.
|    Use char because int might match the return type of a GCC
|    builtin and then its argument prototype would still apply.  */
| #ifdef __cplusplus
| extern "C"
| #endif
| char fpurge ();
| /* The GNU C library defines this for functions which it implements
|     to always fail with ENOSYS.  Some functions are actually named
|     something starting with __ and the normal name is an alias.  */
| #if defined __stub_fpurge || defined __stub___fpurge
| choke me
| #endif
| 
| int
| main ()
| {
| return fpurge ();
|   ;
|   return 0;
| }
configure:11854: result: no
configure:11867: checking for mkstemp
configure:11867: gcc -o conftest -g -O2   conftest.c  >&5
configure:11867: $? = 0
configure:11867: result: yes
configure:11880: checking for inet_pton
configure:11880: gcc -o conftest -g -O2   conftest.c  >&5
configure:11880: $? = 0
configure:11880: result: yes
configure:11899: checking for log in -lm
configure:11924: gcc -o conftest -g -O2   conftest.c -lm   >&5
conftest.c:41:6: warning: conflicting types for built-in function 'log'
 char log ();
      ^
configure:11924: $? = 0
configure:11933: result: yes
configure:11964: checking for pthread_cond_init in -lpthread
configure:11989: gcc -o conftest -g -O2   conftest.c -lpthread  -lm  >&5
configure:11989: $? = 0
configure:11998: result: yes
configure:12086: checking pcap.h usability
configure:12086: gcc -c -g -O2  conftest.c >&5
configure:12086: $? = 0
configure:12086: result: yes
configure:12086: checking pcap.h presence
configure:12086: gcc -E  conftest.c
configure:12086: $? = 0
configure:12086: result: yes
configure:12086: checking for pcap.h
configure:12086: result: yes
configure:12100: checking net/bpf.h usability
configure:12100: gcc -c -g -O2  conftest.c >&5
conftest.c:70:21: fatal error: net/bpf.h: No such file or directory
 #include <net/bpf.h>
                     ^
compilation terminated.
configure:12100: $? = 1
configure: failed program was:
| /* confdefs.h */
| #define PACKAGE_NAME "tstat"
| #define PACKAGE_TARNAME "tstat"
| #define PACKAGE_VERSION "3.0"
| #define PACKAGE_STRING "tstat 3.0"
| #define PACKAGE_BUGREPORT "mellia@polito.it, munafo@polito.it"
| #define PACKAGE_URL ""
| #define PACKAGE "tstat"
| #define VERSION "3.0"
| #define VERSION_MAJOR 3
| #define VERSION_MINOR 0
| #define VERSION_BUGFIX 0
| #define VERSION_DATE "Mon 28 Apr 2014 16:23:20 CEST"
| #define VERSION_FLAVOR "Traubi"
| #define STDC_HEADERS 1
| #define HAVE_SYS_TYPES_H 1
| #define HAVE_SYS_STAT_H 1
| #define HAVE_STDLIB_H 1
| #define HAVE_STRING_H 1
| #define HAVE_MEMORY_H 1
| #define HAVE_STRINGS_H 1
| #define HAVE_INTTYPES_H 1
| #define HAVE_STDINT_H 1
| #define HAVE_UNISTD_H 1
| #define HAVE_DLFCN_H 1
| #define LT_OBJDIR ".libs/"
| #define SIZEOF_UNSIGNED_LONG_LONG_INT 8
| #define SIZEOF_UNSIGNED_LONG_INT 8
| #define SIZEOF_UNSIGNED_INT 4
| #define SIZEOF_UNSIGNED_SHORT 2
| #define HAVE_MKSTEMP 1
| #define HAVE_INET_PTON 1
| #define HAVE_LIBM 1
| #define HAVE_LIBPTHREAD 1
| #define HAVE_PCAP_H 1
| /* end confdefs.h.  */
| #include <stdio.h>
| #ifdef HAVE_SYS_TYPES_H
| # include <sys/types.h>
| #endif
| #ifdef HAVE_SYS_STAT_H
| # include <sys/stat.h>
| #endif
| #ifdef STDC_HEADERS
| # include <stdlib.h>
| # include <stddef.h>
| #else
| # ifdef HAVE_STDLIB_H
| #  include <stdlib.h>
| # endif
| #endif
| #ifdef HAVE_STRING_H
| # if !defined STDC_HEADERS && defined HAVE_MEMORY_H
| #  include <memory.h>
| # endif
| # include <string.h>
| #endif
| #ifdef HAVE_STRINGS_H
| # include <strings.h>
| #endif
| #ifdef HAVE_INTTYPES_H
| # include <inttypes.h>
| #endif
| #ifdef HAVE_STDINT_H
| # include <stdint.h>
| #endif
| #ifdef HAVE_UNISTD_H
| # include <unistd.h>
| #endif
| #include <net/bpf.h>
configure:12100: result: no
configure:12100: checking net/bpf.h presence
configure:12100: gcc -E  conftest.c
conftest.c:37:21: fatal error: net/bpf.h: No such file or directory
 #include <net/bpf.h>
                     ^
compilation terminated.
configure:12100: $? = 1
configure: failed program was:
| /* confdefs.h */
| #define PACKAGE_NAME "tstat"
| #define PACKAGE_TARNAME "tstat"
| #define PACKAGE_VERSION "3.0"
| #define PACKAGE_STRING "tstat 3.0"
| #define PACKAGE_BUGREPORT "mellia@polito.it, munafo@polito.it"
| #define PACKAGE_URL ""
| #define PACKAGE "tstat"
| #define VERSION "3.0"
| #define VERSION_MAJOR 3
| #define VERSION_MINOR 0
| #define VERSION_BUGFIX 0
| #define VERSION_DATE "Mon 28 Apr 2014 16:23:20 CEST"
| #define VERSION_FLAVOR "Traubi"
| #define STDC_HEADERS 1
| #define HAVE_SYS_TYPES_H 1
| #define HAVE_SYS_STAT_H 1
| #define HAVE_STDLIB_H 1
| #define HAVE_STRING_H 1
| #define HAVE_MEMORY_H 1
| #define HAVE_STRINGS_H 1
| #define HAVE_INTTYPES_H 1
| #define HAVE_STDINT_H 1
| #define HAVE_UNISTD_H 1
| #define HAVE_DLFCN_H 1
| #define LT_OBJDIR ".libs/"
| #define SIZEOF_UNSIGNED_LONG_LONG_INT 8
| #define SIZEOF_UNSIGNED_LONG_INT 8
| #define SIZEOF_UNSIGNED_INT 4
| #define SIZEOF_UNSIGNED_SHORT 2
| #define HAVE_MKSTEMP 1
| #define HAVE_INET_PTON 1
| #define HAVE_LIBM 1
| #define HAVE_LIBPTHREAD 1
| #define HAVE_PCAP_H 1
| /* end confdefs.h.  */
| #include <net/bpf.h>
configure:12100: result: no
configure:12100: checking for net/bpf.h
configure:12100: result: no
configure:12112: checking pcap-bpf.h usability
configure:12112: gcc -c -g -O2  conftest.c >&5
configure:12112: $? = 0
configure:12112: result: yes
configure:12112: checking pcap-bpf.h presence
configure:12112: gcc -E  conftest.c
configure:12112: $? = 0
configure:12112: result: yes
configure:12112: checking for pcap-bpf.h
configure:12112: result: yes
configure:12123: checking for pcap_open_live in -lpcap
configure:12148: gcc -o conftest -g -O2   conftest.c -lpcap  -lpthread -lm  >&5
configure:12148: $? = 0
configure:12157: result: yes
configure:12217: checking for rrd_init in -lrrd
configure:12242: gcc -o conftest -g -O2   conftest.c -lrrd  -lpcap -lpthread -lm  >&5
configure:12242: $? = 0
configure:12251: result: yes
configure:12256: checking rrd.h usability
configure:12256: gcc -c -g -O2  conftest.c >&5
configure:12256: $? = 0
configure:12256: result: yes
configure:12256: checking rrd.h presence
configure:12256: gcc -E  conftest.c
configure:12256: $? = 0
configure:12256: result: yes
configure:12256: checking for rrd.h
configure:12256: result: yes
configure:12484: checking that generated files are newer than configure
configure:12490: result: done
configure:12525: creating ./config.status

## ---------------------- ##
## Running config.status. ##
## ---------------------- ##

This file was extended by tstat config.status 3.0, which was
generated by GNU Autoconf 2.69.  Invocation command line was

  CONFIG_FILES    = 
  CONFIG_HEADERS  = 
  CONFIG_LINKS    = 
  CONFIG_COMMANDS = 
  $ ./config.status 

on sonda1

config.status:1114: creating Makefile
config.status:1114: creating tstat/Makefile
config.status:1114: creating libtstat/Makefile
config.status:1114: creating libtstat/libtstat.pc
config.status:1114: creating libtstat-demo/Makefile
config.status:1114: creating README
config.status:1114: creating NEWS
config.status:1114: creating config.h
config.status:1343: executing depfiles commands
config.status:1343: executing libtool commands

## ---------------- ##
## Cache variables. ##
## ---------------- ##

ac_cv_build=x86_64-unknown-linux-gnu
ac_cv_c_compiler_gnu=yes
ac_cv_env_CC_set=
ac_cv_env_CC_value=
ac_cv_env_CFLAGS_set=
ac_cv_env_CFLAGS_value=
ac_cv_env_CPPFLAGS_set=
ac_cv_env_CPPFLAGS_value=
ac_cv_env_CPP_set=
ac_cv_env_CPP_value=
ac_cv_env_LDFLAGS_set=
ac_cv_env_LDFLAGS_value=
ac_cv_env_LIBS_set=
ac_cv_env_LIBS_value=
ac_cv_env_build_alias_set=
ac_cv_env_build_alias_value=
ac_cv_env_host_alias_set=
ac_cv_env_host_alias_value=
ac_cv_env_target_alias_set=
ac_cv_env_target_alias_value=
ac_cv_func_fpurge=no
ac_cv_func_inet_pton=yes
ac_cv_func_mkstemp=yes
ac_cv_header_dlfcn_h=yes
ac_cv_header_inttypes_h=yes
ac_cv_header_memory_h=yes
ac_cv_header_net_bpf_h=no
ac_cv_header_pcap_bpf_h=yes
ac_cv_header_pcap_h=yes
ac_cv_header_rrd_h=yes
ac_cv_header_stdc=yes
ac_cv_header_stdint_h=yes
ac_cv_header_stdlib_h=yes
ac_cv_header_string_h=yes
ac_cv_header_strings_h=yes
ac_cv_header_sys_stat_h=yes
ac_cv_header_sys_types_h=yes
ac_cv_header_unistd_h=yes
ac_cv_host=x86_64-unknown-linux-gnu
ac_cv_lib_m_log=yes
ac_cv_lib_pcap_pcap_open_live=yes
ac_cv_lib_pthread_pthread_cond_init=yes
ac_cv_lib_rrd_rrd_init=yes
ac_cv_objext=o
ac_cv_path_EGREP='/bin/grep -E'
ac_cv_path_FGREP='/bin/grep -F'
ac_cv_path_GREP=/bin/grep
ac_cv_path_SED=/bin/sed
ac_cv_path_install='/usr/bin/install -c'
ac_cv_path_mkdir=/bin/mkdir
ac_cv_prog_AWK=gawk
ac_cv_prog_CPP='gcc -E'
ac_cv_prog_ac_ct_AR=ar
ac_cv_prog_ac_ct_CC=gcc
ac_cv_prog_ac_ct_MANIFEST_TOOL=mt
ac_cv_prog_ac_ct_OBJDUMP=objdump
ac_cv_prog_ac_ct_RANLIB=ranlib
ac_cv_prog_ac_ct_STRIP=strip
ac_cv_prog_cc_c89=
ac_cv_prog_cc_g=yes
ac_cv_prog_make_make_set=yes
ac_cv_sizeof_unsigned_int=4
ac_cv_sizeof_unsigned_long_int=8
ac_cv_sizeof_unsigned_long_long_int=8
ac_cv_sizeof_unsigned_short=2
am_cv_CC_dependencies_compiler_type=gcc3
am_cv_make_support_nested_variables=yes
am_cv_prog_cc_c_o=yes
lt_cv_ar_at_file=@
lt_cv_archive_cmds_need_lc=no
lt_cv_deplibs_check_method=pass_all
lt_cv_file_magic_cmd='$MAGIC_CMD'
lt_cv_file_magic_test_file=
lt_cv_ld_reload_flag=-r
lt_cv_nm_interface='BSD nm'
lt_cv_objdir=.libs
lt_cv_path_LD=/usr/bin/ld
lt_cv_path_NM='/usr/bin/nm -B'
lt_cv_path_mainfest_tool=no
lt_cv_prog_compiler_c_o=yes
lt_cv_prog_compiler_pic='-fPIC -DPIC'
lt_cv_prog_compiler_pic_works=yes
lt_cv_prog_compiler_rtti_exceptions=no
lt_cv_prog_compiler_static_works=yes
lt_cv_prog_gnu_ld=yes
lt_cv_sharedlib_from_linklib_cmd='printf %s\n'
lt_cv_shlibpath_overrides_runpath=no
lt_cv_sys_global_symbol_pipe='sed -n -e '\''s/^.*[	 ]\([ABCDGIRSTW][ABCDGIRSTW]*\)[	 ][	 ]*\([_A-Za-z][_A-Za-z0-9]*\)$/\1 \2 \2/p'\'' | sed '\''/ __gnu_lto/d'\'''
lt_cv_sys_global_symbol_to_c_name_address='sed -n -e '\''s/^: \([^ ]*\)[ ]*$/  {\"\1\", (void *) 0},/p'\'' -e '\''s/^[ABCDGIRSTW]* \([^ ]*\) \([^ ]*\)$/  {"\2", (void *) \&\2},/p'\'''
lt_cv_sys_global_symbol_to_c_name_address_lib_prefix='sed -n -e '\''s/^: \([^ ]*\)[ ]*$/  {\"\1\", (void *) 0},/p'\'' -e '\''s/^[ABCDGIRSTW]* \([^ ]*\) \(lib[^ ]*\)$/  {"\2", (void *) \&\2},/p'\'' -e '\''s/^[ABCDGIRSTW]* \([^ ]*\) \([^ ]*\)$/  {"lib\2", (void *) \&\2},/p'\'''
lt_cv_sys_global_symbol_to_cdecl='sed -n -e '\''s/^T .* \(.*\)$/extern int \1();/p'\'' -e '\''s/^[ABCDGIRSTW]* .* \(.*\)$/extern char \1;/p'\'''
lt_cv_sys_max_cmd_len=1572864
lt_cv_to_host_file_cmd=func_convert_file_noop
lt_cv_to_tool_file_cmd=func_convert_file_noop

## ----------------- ##
## Output variables. ##
## ----------------- ##

ACLOCAL='${SHELL} /home/testuser/mplane/tstat-3.0r648/config/missing aclocal-1.14'
AMDEPBACKSLASH='\'
AMDEP_FALSE='#'
AMDEP_TRUE=''
AMTAR='$${TAR-tar}'
AM_BACKSLASH='\'
AM_DEFAULT_V='$(AM_DEFAULT_VERBOSITY)'
AM_DEFAULT_VERBOSITY='1'
AM_V='$(V)'
ANDROID_FALSE=''
ANDROID_TRUE='#'
AR='ar'
AUTOCONF='${SHELL} /home/testuser/mplane/tstat-3.0r648/config/missing autoconf'
AUTOHEADER='${SHELL} /home/testuser/mplane/tstat-3.0r648/config/missing autoheader'
AUTOMAKE='${SHELL} /home/testuser/mplane/tstat-3.0r648/config/missing automake-1.14'
AWK='gawk'
CC='gcc'
CCDEPMODE='depmode=gcc3'
CFLAGS='-g -O2'
CPP='gcc -E'
CPPFLAGS=''
CYGPATH_W='echo'
DEFS='-DHAVE_CONFIG_H'
DEPDIR='.deps'
DLLTOOL='false'
DSYMUTIL=''
DUMPBIN=''
ECHO_C=''
ECHO_N='-n'
ECHO_T=''
EGREP='/bin/grep -E'
EXEEXT=''
FGREP='/bin/grep -F'
GREP='/bin/grep'
INSTALL_DATA='${INSTALL} -m 644'
INSTALL_PROGRAM='${INSTALL}'
INSTALL_SCRIPT='${INSTALL}'
INSTALL_STRIP_PROGRAM='$(install_sh) -c -s'
LD='/usr/bin/ld -m elf_x86_64'
LDFLAGS=''
LIBOBJS=''
LIBS='-lpcap -lpthread -lm  -lrrd'
LIBTOOL='$(SHELL) $(top_builddir)/libtool'
LIBTSTAT_FALSE='#'
LIBTSTAT_TRUE=''
LIBTSTAT_VERSION='1.0.0'
LIPO=''
LN_S='ln -s'
LTLIBOBJS=''
MAKEINFO='${SHELL} /home/testuser/mplane/tstat-3.0r648/config/missing makeinfo'
MANIFEST_TOOL=':'
MKDIR_P='/bin/mkdir -p'
NM='/usr/bin/nm -B'
NMEDIT=''
OBJDUMP='objdump'
OBJEXT='o'
OTOOL64=''
OTOOL=''
PACKAGE='tstat'
PACKAGE_BUGREPORT='mellia@polito.it, munafo@polito.it'
PACKAGE_NAME='tstat'
PACKAGE_STRING='tstat 3.0'
PACKAGE_TARNAME='tstat'
PACKAGE_URL=''
PACKAGE_VERSION='3.0'
PATH_SEPARATOR=':'
PCAP_LDLINK='-lpcap'
RANLIB='ranlib'
SED='/bin/sed'
SET_MAKE=''
SHELL='/bin/bash'
STRIP='strip'
VERSION='3.0'
V_CCOPT=''
V_DEFINES=' -D_BSD_SOURCE -DHAVE_RRDTOOL'
V_INCLS=''
ZLIB_FALSE=''
ZLIB_TRUE='#'
ac_ct_AR='ar'
ac_ct_CC='gcc'
ac_ct_DUMPBIN=''
am__EXEEXT_FALSE=''
am__EXEEXT_TRUE='#'
am__fastdepCC_FALSE='#'
am__fastdepCC_TRUE=''
am__include='include'
am__isrc=''
am__leading_dot='.'
am__nodep='_no'
am__quote=''
am__tar='$${TAR-tar} chof - "$$tardir"'
am__untar='$${TAR-tar} xf -'
bindir='${exec_prefix}/bin'
build='x86_64-unknown-linux-gnu'
build_alias=''
build_cpu='x86_64'
build_os='linux-gnu'
build_vendor='unknown'
datadir='${datarootdir}'
datarootdir='${prefix}/share'
docdir='${datarootdir}/doc/${PACKAGE_TARNAME}'
dvidir='${docdir}'
exec_prefix='${prefix}'
host='x86_64-unknown-linux-gnu'
host_alias=''
host_cpu='x86_64'
host_os='linux-gnu'
host_vendor='unknown'
htmldir='${docdir}'
includedir='${prefix}/include'
infodir='${datarootdir}/info'
install_sh='${SHELL} /home/testuser/mplane/tstat-3.0r648/config/install-sh'
libdir='${exec_prefix}/lib'
libexecdir='${exec_prefix}/libexec'
localedir='${datarootdir}/locale'
localstatedir='${prefix}/var'
mandir='${datarootdir}/man'
mkdir_p='$(MKDIR_P)'
oldincludedir='/usr/include'
pdfdir='${docdir}'
prefix='/usr/local'
program_transform_name='s,x,x,'
psdir='${docdir}'
sbindir='${exec_prefix}/sbin'
sharedstatedir='${prefix}/com'
sysconfdir='${prefix}/etc'
target_alias=''

## ----------- ##
## confdefs.h. ##
## ----------- ##

/* confdefs.h */
#define PACKAGE_NAME "tstat"
#define PACKAGE_TARNAME "tstat"
#define PACKAGE_VERSION "3.0"
#define PACKAGE_STRING "tstat 3.0"
#define PACKAGE_BUGREPORT "mellia@polito.it, munafo@polito.it"
#define PACKAGE_URL ""
#define PACKAGE "tstat"
#define VERSION "3.0"
#define VERSION_MAJOR 3
#define VERSION_MINOR 0
#define VERSION_BUGFIX 0
#define VERSION_DATE "Mon 28 Apr 2014 16:23:20 CEST"
#define VERSION_FLAVOR "Traubi"
#define STDC_HEADERS 1
#define HAVE_SYS_TYPES_H 1
#define HAVE_SYS_STAT_H 1
#define HAVE_STDLIB_H 1
#define HAVE_STRING_H 1
#define HAVE_MEMORY_H 1
#define HAVE_STRINGS_H 1
#define HAVE_INTTYPES_H 1
#define HAVE_STDINT_H 1
#define HAVE_UNISTD_H 1
#define HAVE_DLFCN_H 1
#define LT_OBJDIR ".libs/"
#define SIZEOF_UNSIGNED_LONG_LONG_INT 8
#define SIZEOF_UNSIGNED_LONG_INT 8
#define SIZEOF_UNSIGNED_INT 4
#define SIZEOF_UNSIGNED_SHORT 2
#define HAVE_MKSTEMP 1
#define HAVE_INET_PTON 1
#define HAVE_LIBM 1
#define HAVE_LIBPTHREAD 1
#define HAVE_PCAP_H 1
#define HAVE_PCAP_BPF_H 1
#define HAVE_LIBPCAP 1
#define HAVE_RRD_H 1

configure: exit 0

## ---------------------- ##
## Running config.status. ##
## ---------------------- ##

This file was extended by tstat config.status 3.0, which was
generated by GNU Autoconf 2.69.  Invocation command line was

  CONFIG_FILES    = 
  CONFIG_HEADERS  = 
  CONFIG_LINKS    = 
  CONFIG_COMMANDS = 
  $ ./config.status libtstat/libtstat.pc

on sonda1

config.status:1114: creating libtstat/libtstat.pc
